2025-03-15 09:14:27,158 - INFO - Запуск импорта данных
2025-03-15 09:14:27,215 - INFO - Успешное подключение к базе данных
2025-03-15 09:14:27,216 - INFO - Обрабатывается файл: C:\Users\user\Desktop\Data\10_1.csv
2025-03-15 09:14:27,246 - INFO - Файл 10_1.csv успешно загружен
2025-03-15 09:14:27,246 - INFO - Обрабатывается файл: C:\Users\user\Desktop\Data\10_2.csv
2025-03-15 09:14:27,261 - INFO - Файл 10_2.csv успешно загружен
2025-03-15 09:14:27,261 - INFO - Обрабатывается файл: C:\Users\user\Desktop\Data\10_3.csv
2025-03-15 09:14:27,272 - INFO - Файл 10_3.csv успешно загружен
2025-03-15 09:14:27,272 - INFO - Обрабатывается файл: C:\Users\user\Desktop\Data\10_4.csv
2025-03-15 09:14:27,289 - INFO - Файл 10_4.csv успешно загружен
2025-03-15 09:14:27,289 - INFO - Обрабатывается файл: C:\Users\user\Desktop\Data\10_5.csv
2025-03-15 09:14:27,303 - INFO - Файл 10_5.csv успешно загружен
2025-03-15 09:14:27,303 - INFO - Обрабатывается файл: C:\Users\user\Desktop\Data\11_1.csv
2025-03-15 09:14:27,315 - INFO - Файл 11_1.csv успешно загружен
2025-03-15 09:14:27,315 - INFO - Обрабатывается файл: C:\Users\user\Desktop\Data\11_2.csv
2025-03-15 09:14:27,322 - INFO - Файл 11_2.csv успешно загружен
2025-03-15 09:14:27,322 - INFO - Обрабатывается файл: C:\Users\user\Desktop\Data\11_3.csv
2025-03-15 09:14:27,336 - INFO - Файл 11_3.csv успешно загружен
2025-03-15 09:14:27,336 - INFO - Обрабатывается файл: C:\Users\user\Desktop\Data\11_4.csv
2025-03-15 09:14:27,348 - INFO - Файл 11_4.csv успешно загружен
2025-03-15 09:14:27,349 - INFO - Обрабатывается файл: C:\Users\user\Desktop\Data\11_5.csv
2025-03-15 09:14:27,357 - INFO - Файл 11_5.csv успешно загружен
2025-03-15 09:14:27,357 - INFO - Обрабатывается файл: C:\Users\user\Desktop\Data\12_1.csv
2025-03-15 09:14:27,369 - INFO - Файл 12_1.csv успешно загружен
2025-03-15 09:14:27,369 - INFO - Обрабатывается файл: C:\Users\user\Desktop\Data\12_2.csv
2025-03-15 09:14:27,381 - INFO - Файл 12_2.csv успешно загружен
2025-03-15 09:14:27,381 - INFO - Обрабатывается файл: C:\Users\user\Desktop\Data\12_3.csv
2025-03-15 09:14:27,390 - INFO - Файл 12_3.csv успешно загружен
2025-03-15 09:14:27,390 - INFO - Обрабатывается файл: C:\Users\user\Desktop\Data\12_4.csv
2025-03-15 09:14:27,405 - INFO - Файл 12_4.csv успешно загружен
2025-03-15 09:14:27,405 - INFO - Обрабатывается файл: C:\Users\user\Desktop\Data\12_5.csv
2025-03-15 09:14:27,413 - INFO - Файл 12_5.csv успешно загружен
2025-03-15 09:14:27,413 - INFO - Обрабатывается файл: C:\Users\user\Desktop\Data\13_1.csv
2025-03-15 09:14:27,423 - INFO - Файл 13_1.csv успешно загружен
2025-03-15 09:14:27,423 - INFO - Обрабатывается файл: C:\Users\user\Desktop\Data\13_2.csv
2025-03-15 09:14:27,432 - INFO - Файл 13_2.csv успешно загружен
2025-03-15 09:14:27,432 - INFO - Обрабатывается файл: C:\Users\user\Desktop\Data\13_3.csv
2025-03-15 09:14:27,441 - INFO - Файл 13_3.csv успешно загружен
2025-03-15 09:14:27,442 - INFO - Обрабатывается файл: C:\Users\user\Desktop\Data\14_1.csv
2025-03-15 09:14:27,452 - INFO - Файл 14_1.csv успешно загружен
2025-03-15 09:14:27,452 - INFO - Обрабатывается файл: C:\Users\user\Desktop\Data\14_2.csv
2025-03-15 09:14:27,468 - INFO - Файл 14_2.csv успешно загружен
2025-03-15 09:14:27,468 - INFO - Обрабатывается файл: C:\Users\user\Desktop\Data\14_3.csv
2025-03-15 09:14:27,475 - INFO - Файл 14_3.csv успешно загружен
2025-03-15 09:14:27,475 - INFO - Обрабатывается файл: C:\Users\user\Desktop\Data\14_4.csv
2025-03-15 09:14:27,490 - INFO - Файл 14_4.csv успешно загружен
2025-03-15 09:14:27,490 - INFO - Обрабатывается файл: C:\Users\user\Desktop\Data\14_5.csv
2025-03-15 09:14:27,502 - INFO - Файл 14_5.csv успешно загружен
2025-03-15 09:14:27,502 - INFO - Обрабатывается файл: C:\Users\user\Desktop\Data\15_1.csv
2025-03-15 09:14:27,507 - INFO - Файл 15_1.csv успешно загружен
2025-03-15 09:14:27,507 - INFO - Обрабатывается файл: C:\Users\user\Desktop\Data\15_2.csv
2025-03-15 09:14:27,522 - INFO - Файл 15_2.csv успешно загружен
2025-03-15 09:14:27,522 - INFO - Обрабатывается файл: C:\Users\user\Desktop\Data\15_3.csv
2025-03-15 09:14:27,541 - INFO - Файл 15_3.csv успешно загружен
2025-03-15 09:14:27,541 - INFO - Обрабатывается файл: C:\Users\user\Desktop\Data\15_4.csv
2025-03-15 09:14:27,554 - INFO - Файл 15_4.csv успешно загружен
2025-03-15 09:14:27,554 - INFO - Обрабатывается файл: C:\Users\user\Desktop\Data\15_5.csv
2025-03-15 09:14:27,567 - INFO - Файл 15_5.csv успешно загружен
2025-03-15 09:14:27,567 - INFO - Обрабатывается файл: C:\Users\user\Desktop\Data\1_1.csv
2025-03-15 09:14:27,584 - INFO - Файл 1_1.csv успешно загружен
2025-03-15 09:14:27,584 - INFO - Обрабатывается файл: C:\Users\user\Desktop\Data\1_2.csv
2025-03-15 09:14:27,590 - INFO - Файл 1_2.csv успешно загружен
2025-03-15 09:14:27,590 - INFO - Обрабатывается файл: C:\Users\user\Desktop\Data\1_3.csv
2025-03-15 09:14:27,603 - INFO - Файл 1_3.csv успешно загружен
2025-03-15 09:14:27,603 - INFO - Обрабатывается файл: C:\Users\user\Desktop\Data\1_4.csv
2025-03-15 09:14:27,613 - INFO - Файл 1_4.csv успешно загружен
2025-03-15 09:14:27,614 - INFO - Обрабатывается файл: C:\Users\user\Desktop\Data\2_1.csv
2025-03-15 09:14:27,628 - INFO - Файл 2_1.csv успешно загружен
2025-03-15 09:14:27,628 - INFO - Обрабатывается файл: C:\Users\user\Desktop\Data\2_2.csv
2025-03-15 09:14:27,640 - INFO - Файл 2_2.csv успешно загружен
2025-03-15 09:14:27,640 - INFO - Обрабатывается файл: C:\Users\user\Desktop\Data\2_3.csv
2025-03-15 09:14:27,653 - INFO - Файл 2_3.csv успешно загружен
2025-03-15 09:14:27,653 - INFO - Обрабатывается файл: C:\Users\user\Desktop\Data\2_4.csv
2025-03-15 09:14:27,666 - INFO - Файл 2_4.csv успешно загружен
2025-03-15 09:14:27,666 - INFO - Обрабатывается файл: C:\Users\user\Desktop\Data\3_1.csv
2025-03-15 09:14:27,675 - INFO - Файл 3_1.csv успешно загружен
2025-03-15 09:14:27,675 - INFO - Обрабатывается файл: C:\Users\user\Desktop\Data\3_2.csv
2025-03-15 09:14:27,686 - INFO - Файл 3_2.csv успешно загружен
2025-03-15 09:14:27,686 - INFO - Обрабатывается файл: C:\Users\user\Desktop\Data\3_3.csv
2025-03-15 09:14:27,700 - INFO - Файл 3_3.csv успешно загружен
2025-03-15 09:14:27,700 - INFO - Обрабатывается файл: C:\Users\user\Desktop\Data\3_4.csv
2025-03-15 09:14:27,720 - INFO - Файл 3_4.csv успешно загружен
2025-03-15 09:14:27,720 - INFO - Обрабатывается файл: C:\Users\user\Desktop\Data\3_5.csv
2025-03-15 09:14:27,733 - INFO - Файл 3_5.csv успешно загружен
2025-03-15 09:14:27,733 - INFO - Обрабатывается файл: C:\Users\user\Desktop\Data\4_1.csv
2025-03-15 09:14:27,747 - INFO - Файл 4_1.csv успешно загружен
2025-03-15 09:14:27,747 - INFO - Обрабатывается файл: C:\Users\user\Desktop\Data\4_2.csv
2025-03-15 09:14:27,755 - INFO - Файл 4_2.csv успешно загружен
2025-03-15 09:14:27,755 - INFO - Обрабатывается файл: C:\Users\user\Desktop\Data\4_3.csv
2025-03-15 09:14:27,767 - INFO - Файл 4_3.csv успешно загружен
2025-03-15 09:14:27,767 - INFO - Обрабатывается файл: C:\Users\user\Desktop\Data\4_4.csv
2025-03-15 09:14:27,782 - INFO - Файл 4_4.csv успешно загружен
2025-03-15 09:14:27,782 - INFO - Обрабатывается файл: C:\Users\user\Desktop\Data\5_1.csv
2025-03-15 09:14:27,799 - INFO - Файл 5_1.csv успешно загружен
2025-03-15 09:14:27,799 - INFO - Обрабатывается файл: C:\Users\user\Desktop\Data\5_2.csv
2025-03-15 09:14:27,816 - INFO - Файл 5_2.csv успешно загружен
2025-03-15 09:14:27,816 - INFO - Обрабатывается файл: C:\Users\user\Desktop\Data\5_3.csv
2025-03-15 09:14:27,831 - INFO - Файл 5_3.csv успешно загружен
2025-03-15 09:14:27,831 - INFO - Обрабатывается файл: C:\Users\user\Desktop\Data\5_4.csv
2025-03-15 09:14:27,839 - INFO - Файл 5_4.csv успешно загружен
2025-03-15 09:14:27,839 - INFO - Обрабатывается файл: C:\Users\user\Desktop\Data\5_5.csv
2025-03-15 09:14:27,858 - INFO - Файл 5_5.csv успешно загружен
2025-03-15 09:14:27,858 - INFO - Обрабатывается файл: C:\Users\user\Desktop\Data\6_1.csv
2025-03-15 09:14:27,866 - INFO - Файл 6_1.csv успешно загружен
2025-03-15 09:14:27,866 - INFO - Обрабатывается файл: C:\Users\user\Desktop\Data\6_2.csv
2025-03-15 09:14:27,878 - INFO - Файл 6_2.csv успешно загружен
2025-03-15 09:14:27,879 - INFO - Обрабатывается файл: C:\Users\user\Desktop\Data\6_3.csv
2025-03-15 09:14:27,893 - INFO - Файл 6_3.csv успешно загружен
2025-03-15 09:14:27,893 - INFO - Обрабатывается файл: C:\Users\user\Desktop\Data\6_4.csv
2025-03-15 09:14:27,907 - INFO - Файл 6_4.csv успешно загружен
2025-03-15 09:14:27,907 - INFO - Обрабатывается файл: C:\Users\user\Desktop\Data\6_5.csv
2025-03-15 09:14:27,917 - INFO - Файл 6_5.csv успешно загружен
2025-03-15 09:14:27,918 - INFO - Обрабатывается файл: C:\Users\user\Desktop\Data\7_1.csv
2025-03-15 09:14:27,930 - INFO - Файл 7_1.csv успешно загружен
2025-03-15 09:14:27,930 - INFO - Обрабатывается файл: C:\Users\user\Desktop\Data\7_2.csv
2025-03-15 09:14:27,938 - INFO - Файл 7_2.csv успешно загружен
2025-03-15 09:14:27,938 - INFO - Обрабатывается файл: C:\Users\user\Desktop\Data\7_3.csv
2025-03-15 09:14:27,949 - INFO - Файл 7_3.csv успешно загружен
2025-03-15 09:14:27,949 - INFO - Обрабатывается файл: C:\Users\user\Desktop\Data\7_4.csv
2025-03-15 09:14:27,960 - INFO - Файл 7_4.csv успешно загружен
2025-03-15 09:14:27,960 - INFO - Обрабатывается файл: C:\Users\user\Desktop\Data\7_5.csv
2025-03-15 09:14:27,973 - INFO - Файл 7_5.csv успешно загружен
2025-03-15 09:14:27,973 - INFO - Обрабатывается файл: C:\Users\user\Desktop\Data\8_1.csv
2025-03-15 09:14:27,985 - INFO - Файл 8_1.csv успешно загружен
2025-03-15 09:14:27,985 - INFO - Обрабатывается файл: C:\Users\user\Desktop\Data\8_2.csv
2025-03-15 09:14:27,992 - INFO - Файл 8_2.csv успешно загружен
2025-03-15 09:14:27,992 - INFO - Обрабатывается файл: C:\Users\user\Desktop\Data\8_3.csv
2025-03-15 09:14:27,999 - INFO - Файл 8_3.csv успешно загружен
2025-03-15 09:14:27,999 - INFO - Обрабатывается файл: C:\Users\user\Desktop\Data\8_4.csv
2025-03-15 09:14:28,007 - INFO - Файл 8_4.csv успешно загружен
2025-03-15 09:14:28,007 - INFO - Обрабатывается файл: C:\Users\user\Desktop\Data\8_5.csv
2025-03-15 09:14:28,022 - INFO - Файл 8_5.csv успешно загружен
2025-03-15 09:14:28,022 - INFO - Обрабатывается файл: C:\Users\user\Desktop\Data\9_1.csv
2025-03-15 09:14:28,033 - INFO - Файл 9_1.csv успешно загружен
2025-03-15 09:14:28,033 - INFO - Обрабатывается файл: C:\Users\user\Desktop\Data\9_2.csv
2025-03-15 09:14:28,042 - INFO - Файл 9_2.csv успешно загружен
2025-03-15 09:14:28,043 - INFO - Обрабатывается файл: C:\Users\user\Desktop\Data\9_3.csv
2025-03-15 09:14:28,056 - INFO - Файл 9_3.csv успешно загружен
2025-03-15 09:14:28,056 - INFO - Обрабатывается файл: C:\Users\user\Desktop\Data\9_4.csv
2025-03-15 09:14:28,071 - INFO - Файл 9_4.csv успешно загружен
2025-03-15 09:14:28,071 - INFO - Обрабатывается файл: C:\Users\user\Desktop\Data\9_5.csv
2025-03-15 09:14:28,083 - INFO - Файл 9_5.csv успешно загружен
2025-03-15 09:14:28,083 - INFO - Импорт данных завершён
